	Command being timed: "/large/otgk/LinCapR_Experiments/LinearCapR/LinCapR /large/otgk/LinCapR_Experiments/data/raw/sarscov2/NC_006577.2.fasta /large/otgk/LinCapR_Experiments/result/profile/sarscov2s/NC_006577.2.b100.csv 100"
	User time (seconds): 137.17
	System time (seconds): 1.35
	Percent of CPU this job got: 99%
	Elapsed (wall clock) time (h:mm:ss or m:ss): 2:18.52
	Average shared text size (kbytes): 0
	Average unshared data size (kbytes): 0
	Average stack size (kbytes): 0
	Average total size (kbytes): 0
	Maximum resident set size (kbytes): 1989536
	Average resident set size (kbytes): 0
	Major (requiring I/O) page faults: 0
	Minor (reclaiming a frame) page faults: 496620
	Voluntary context switches: 11
	Involuntary context switches: 138
	Swaps: 0
	File system inputs: 0
	File system outputs: 3728
	Socket messages sent: 0
	Socket messages received: 0
	Signals delivered: 0
	Page size (bytes): 4096
	Exit status: 0
