	Command being timed: "/large/otgk/LinCapR_Experiments/LinearCapR/LinCapR /large/otgk/LinCapR_Experiments/data/raw/sarscov2/OP090658.fasta /large/otgk/LinCapR_Experiments/result/profile/sarscov2s/OP090658.b100.csv 100"
	User time (seconds): 133.91
	System time (seconds): 1.21
	Percent of CPU this job got: 99%
	Elapsed (wall clock) time (h:mm:ss or m:ss): 2:15.14
	Average shared text size (kbytes): 0
	Average unshared data size (kbytes): 0
	Average stack size (kbytes): 0
	Average total size (kbytes): 0
	Maximum resident set size (kbytes): 2038600
	Average resident set size (kbytes): 0
	Major (requiring I/O) page faults: 0
	Minor (reclaiming a frame) page faults: 508925
	Voluntary context switches: 10
	Involuntary context switches: 275
	Swaps: 0
	File system inputs: 0
	File system outputs: 3744
	Socket messages sent: 0
	Socket messages received: 0
	Signals delivered: 0
	Page size (bytes): 4096
	Exit status: 0
