[2025-10-17 12:12:41] dataset=bprna mode=LinCapR beam=50
Running: /work/gs58/s58007/LinCapR_Experiments/LinearCapR/LinCapR {fasta} /dev/null 50 --energy turner2004

Processing:   0%|          | 0/24901 [00:00<?, ?it/s]
Processing:   0%|          | 1/24901 [00:00<48:26,  8.57it/s]
Processing:   0%|          | 11/24901 [00:00<12:58, 31.98it/s]
Processing:   0%|          | 82/24901 [00:00<03:11, 129.42it/s]
Processing:   0%|          | 93/24901 [00:04<29:19, 14.10it/s] 
Processing:   1%|          | 200/24901 [00:05<09:41, 42.49it/s]
Processing:   2%|▏         | 550/24901 [00:07<03:44, 108.58it/s]
Processing:   2%|▏         | 568/24901 [00:08<04:49, 83.98it/s] 
Processing:   4%|▍         | 965/24901 [00:08<01:59, 199.60it/s]
Processing:   5%|▌         | 1334/24901 [00:09<01:37, 242.93it/s]
Processing:   6%|▌         | 1424/24901 [00:09<01:29, 263.01it/s]
Processing:   6%|▌         | 1479/24901 [00:10<01:32, 253.56it/s]
Processing:   6%|▋         | 1575/24901 [00:10<01:29, 259.88it/s]
Processing:   7%|▋         | 1624/24901 [00:10<01:48, 213.92it/s]
Processing:   7%|▋         | 1720/24901 [00:10<01:27, 263.59it/s]
Processing:   7%|▋         | 1761/24901 [00:11<01:30, 255.26it/s]
Processing:   8%|▊         | 1898/24901 [00:11<01:36, 239.37it/s]
Processing:   8%|▊         | 1933/24901 [00:12<01:41, 227.30it/s]
Processing:   9%|▊         | 2126/24901 [00:13<02:40, 141.66it/s]
Processing:  10%|▉         | 2458/24901 [00:14<01:36, 231.77it/s]
Processing:  10%|█         | 2547/24901 [00:14<01:27, 255.71it/s]
Processing:  10%|█         | 2583/24901 [00:16<02:41, 138.53it/s]
Processing:  11%|█         | 2647/24901 [00:16<02:27, 151.34it/s]
Processing:  12%|█▏        | 2960/24901 [00:17<01:28, 246.85it/s]
Processing:  12%|█▏        | 3009/24901 [00:17<01:31, 239.77it/s]
Processing:  13%|█▎        | 3119/24901 [00:17<01:35, 227.70it/s]
Processing:  13%|█▎        | 3179/24901 [00:18<01:28, 245.81it/s]
Processing:  13%|█▎        | 3235/24901 [00:18<01:42, 212.36it/s]
Processing:  13%|█▎        | 3318/24901 [00:18<01:28, 243.00it/s]
Processing:  14%|█▍        | 3485/24901 [00:19<01:41, 211.74it/s]
Processing:  14%|█▍        | 3532/24901 [00:19<01:34, 225.93it/s]
Processing:  15%|█▍        | 3693/24901 [00:21<02:17, 153.70it/s]
Processing:  15%|█▌        | 3791/24901 [00:21<02:12, 159.88it/s]
Processing:  16%|█▋        | 4048/24901 [00:22<01:33, 223.80it/s]
Processing:  17%|█▋        | 4115/24901 [00:23<01:49, 189.03it/s]
Processing:  17%|█▋        | 4207/24901 [00:24<02:45, 124.91it/s]
Processing:  17%|█▋        | 4224/24901 [00:25<03:15, 105.65it/s]
Processing:  19%|█▊        | 4617/24901 [00:25<01:25, 238.46it/s]
Processing:  19%|█▉        | 4718/24901 [00:26<01:30, 223.00it/s]
Processing:  19%|█▉        | 4744/24901 [00:26<01:44, 193.71it/s]
Processing:  20%|█▉        | 4907/24901 [00:26<01:09, 288.94it/s]
Processing:  20%|██        | 5067/24901 [00:27<01:19, 248.97it/s]
Processing:  21%|██        | 5117/24901 [00:28<02:03, 160.59it/s]
Processing:  21%|██        | 5245/24901 [00:30<02:32, 128.56it/s]
Processing:  21%|██        | 5275/24901 [00:30<02:26, 134.41it/s]
Processing:  23%|██▎       | 5695/24901 [00:31<01:12, 263.70it/s]
Processing:  23%|██▎       | 5790/24901 [00:32<01:56, 164.49it/s]
Processing:  23%|██▎       | 5816/24901 [00:33<02:31, 126.13it/s]
Processing:  25%|██▌       | 6267/24901 [00:33<01:03, 295.25it/s]
Processing:  26%|██▋       | 6562/24901 [00:35<01:17, 235.90it/s]
Processing:  27%|██▋       | 6615/24901 [00:35<01:25, 214.61it/s]
Processing:  28%|██▊       | 6852/24901 [00:37<01:23, 215.58it/s]
Processing:  28%|██▊       | 6995/24901 [00:37<01:08, 260.62it/s]
Processing:  28%|██▊       | 7045/24901 [00:37<01:13, 243.47it/s]
Processing:  29%|██▊       | 7105/24901 [00:37<01:11, 248.63it/s]
Processing:  29%|██▉       | 7210/24901 [00:38<01:26, 204.98it/s]
Processing:  29%|██▉       | 7240/24901 [00:38<01:25, 207.69it/s]
Processing:  29%|██▉       | 7268/24901 [00:38<01:25, 206.07it/s]
Processing:  30%|██▉       | 7368/24901 [00:41<03:50, 75.97it/s] 
Processing:  31%|███       | 7621/24901 [00:42<02:13, 129.26it/s]
Processing:  33%|███▎      | 8162/24901 [00:44<01:25, 194.97it/s]
Processing:  33%|███▎      | 8209/24901 [00:45<01:47, 154.77it/s]
Processing:  35%|███▍      | 8625/24901 [00:45<00:58, 279.48it/s]
Processing:  35%|███▍      | 8701/24901 [00:45<00:57, 281.67it/s]
Processing:  36%|███▌      | 8875/24901 [00:48<01:49, 146.97it/s]
Processing:  37%|███▋      | 9119/24901 [00:49<01:31, 173.25it/s]
Processing:  39%|███▊      | 9614/24901 [00:51<01:06, 229.70it/s]
Processing:  39%|███▉      | 9652/24901 [00:52<01:22, 184.65it/s]
Processing:  41%|████      | 10224/24901 [00:52<00:46, 317.18it/s]
Processing:  41%|████      | 10270/24901 [00:52<00:49, 297.32it/s]
Processing:  42%|████▏     | 10360/24901 [00:53<00:58, 249.71it/s]
Processing:  42%|████▏     | 10439/24901 [00:54<00:58, 246.65it/s]
Processing:  42%|████▏     | 10467/24901 [00:55<01:35, 151.54it/s]
Processing:  43%|████▎     | 10684/24901 [00:57<01:48, 131.35it/s]
Processing:  45%|████▍     | 11190/24901 [00:59<01:12, 188.03it/s]
Processing:  46%|████▌     | 11471/24901 [01:00<01:18, 170.15it/s]
Processing:  48%|████▊     | 11900/24901 [01:01<00:46, 276.63it/s]
Processing:  48%|████▊     | 12003/24901 [01:03<01:17, 165.93it/s]
Processing:  50%|████▉     | 12331/24901 [01:05<01:11, 176.74it/s]
Processing:  50%|████▉     | 12385/24901 [01:05<01:09, 179.22it/s]
Processing:  53%|█████▎    | 13169/24901 [01:09<00:58, 201.12it/s]
Processing:  54%|█████▍    | 13564/24901 [01:09<00:44, 252.51it/s]
Processing:  55%|█████▍    | 13610/24901 [01:10<00:51, 220.42it/s]
Processing:  55%|█████▍    | 13649/24901 [01:11<01:01, 182.68it/s]
Processing:  58%|█████▊    | 14388/24901 [01:14<00:53, 195.27it/s]
Processing:  60%|██████    | 14965/24901 [01:15<00:34, 290.46it/s]
Processing:  61%|██████    | 15107/24901 [01:16<00:41, 238.21it/s]
Processing:  62%|██████▏   | 15371/24901 [01:17<00:37, 257.03it/s]
Processing:  62%|██████▏   | 15416/24901 [01:18<00:45, 209.57it/s]
Processing:  64%|██████▎   | 15873/24901 [01:19<00:37, 242.47it/s]
Processing:  64%|██████▍   | 15907/24901 [01:20<00:44, 203.40it/s]
Processing:  65%|██████▍   | 16129/24901 [01:20<00:32, 265.94it/s]
Processing:  65%|██████▌   | 16235/24901 [01:21<00:29, 297.14it/s]
Processing:  66%|██████▋   | 16532/24901 [01:22<00:27, 299.41it/s]
Processing:  67%|██████▋   | 16577/24901 [01:22<00:28, 292.70it/s]
Processing:  67%|██████▋   | 16632/24901 [01:23<00:46, 178.31it/s]
Processing:  67%|██████▋   | 16676/24901 [01:24<01:02, 131.63it/s]
Processing:  68%|██████▊   | 16904/24901 [01:25<00:56, 142.22it/s]
Processing:  71%|███████   | 17677/24901 [01:28<00:32, 220.15it/s]
Processing:  73%|███████▎  | 18108/24901 [01:29<00:23, 286.83it/s]
Processing:  73%|███████▎  | 18164/24901 [01:29<00:24, 279.03it/s]
Processing:  73%|███████▎  | 18208/24901 [01:31<00:38, 173.99it/s]
Processing:  76%|███████▌  | 18846/24901 [01:32<00:25, 241.93it/s]
Processing:  76%|███████▌  | 18907/24901 [01:34<00:32, 181.77it/s]
Processing:  77%|███████▋  | 19283/24901 [01:36<00:30, 182.51it/s]
Processing:  79%|███████▉  | 19717/24901 [01:37<00:21, 237.14it/s]
Processing:  81%|████████  | 20131/24901 [01:38<00:16, 288.31it/s]
Processing:  81%|████████  | 20165/24901 [01:38<00:17, 272.04it/s]
Processing:  81%|████████  | 20196/24901 [01:38<00:19, 240.53it/s]
Processing:  82%|████████▏ | 20311/24901 [01:39<00:16, 284.85it/s]
Processing:  83%|████████▎ | 20642/24901 [01:40<00:14, 295.67it/s]
Processing:  84%|████████▎ | 20827/24901 [01:42<00:22, 181.41it/s]
Processing:  85%|████████▍ | 21136/24901 [01:42<00:14, 268.63it/s]
Processing:  85%|████████▌ | 21234/24901 [01:42<00:12, 284.07it/s]
Processing:  85%|████████▌ | 21285/24901 [01:43<00:15, 238.73it/s]
Processing:  86%|████████▌ | 21432/24901 [01:43<00:13, 249.46it/s]
Processing:  87%|████████▋ | 21709/24901 [01:44<00:11, 274.28it/s]
Processing:  87%|████████▋ | 21767/24901 [01:44<00:11, 282.75it/s]
Processing:  88%|████████▊ | 21813/24901 [01:45<00:13, 234.69it/s]
Processing:  89%|████████▉ | 22164/24901 [01:46<00:09, 281.12it/s]
Processing:  90%|████████▉ | 22345/24901 [01:48<00:15, 166.22it/s]
Processing:  91%|█████████▏| 22747/24901 [01:49<00:09, 229.39it/s]
Processing:  92%|█████████▏| 22808/24901 [01:50<00:12, 164.49it/s]
Processing:  93%|█████████▎| 23069/24901 [01:51<00:08, 220.56it/s]
Processing:  94%|█████████▎| 23337/24901 [01:52<00:06, 236.85it/s]
Processing:  94%|█████████▍| 23387/24901 [01:52<00:06, 242.19it/s]
Processing:  95%|█████████▍| 23624/24901 [01:53<00:04, 280.42it/s]
Processing:  95%|█████████▌| 23731/24901 [01:53<00:04, 246.51it/s]
Processing:  96%|█████████▌| 23892/24901 [01:55<00:06, 151.88it/s]
Processing: 100%|█████████▉| 24869/24901 [01:58<00:00, 280.88it/s]
Processing: 100%|█████████▉| 24898/24901 [01:58<00:00, 274.29it/s]
Processing: 100%|██████████| 24901/24901 [01:58<00:00, 210.40it/s]
[2025-10-17 12:14:40] dataset=bprna mode=LinCapR beam=100
Running: /work/gs58/s58007/LinCapR_Experiments/LinearCapR/LinCapR {fasta} /dev/null 100 --energy turner2004

Processing:   0%|          | 0/24901 [00:00<?, ?it/s]
Processing:   0%|          | 10/24901 [00:00<07:39, 54.21it/s]
Processing:   0%|          | 16/24901 [00:00<13:04, 31.74it/s]
Processing:   0%|          | 82/24901 [00:01<05:17, 78.13it/s]
Processing:   0%|          | 89/24901 [00:11<1:17:17,  5.35it/s]
Processing:   2%|▏         | 550/24901 [00:14<08:29, 47.79it/s] 
Processing:   2%|▏         | 561/24901 [00:16<10:38, 38.12it/s]
Processing:   4%|▍         | 965/24901 [00:16<04:08, 96.14it/s]
Processing:   5%|▌         | 1334/24901 [00:17<02:49, 138.64it/s]
Processing:   6%|▌         | 1479/24901 [00:18<02:29, 156.96it/s]
Processing:   6%|▋         | 1575/24901 [00:18<02:15, 171.75it/s]
Processing:   7%|▋         | 1624/24901 [00:19<02:58, 130.57it/s]
Processing:   7%|▋         | 1720/24901 [00:19<02:32, 152.43it/s]
Processing:   8%|▊         | 1898/24901 [00:21<02:39, 144.13it/s]
Processing:   8%|▊         | 1933/24901 [00:21<02:46, 137.78it/s]
Processing:   9%|▊         | 2126/24901 [00:26<05:17, 71.70it/s] 
Processing:  10%|▉         | 2458/24901 [00:26<02:45, 135.20it/s]
Processing:  10%|█         | 2547/24901 [00:27<02:51, 130.20it/s]
Processing:  10%|█         | 2577/24901 [00:30<05:45, 64.65it/s] 
Processing:  11%|█         | 2647/24901 [00:31<05:02, 73.61it/s]
Processing:  12%|█▏        | 2960/24901 [00:31<02:39, 137.43it/s]
Processing:  13%|█▎        | 3119/24901 [00:32<02:28, 146.25it/s]
Processing:  13%|█▎        | 3235/24901 [00:33<02:16, 158.24it/s]
Processing:  13%|█▎        | 3318/24901 [00:34<02:25, 147.85it/s]
Processing:  14%|█▍        | 3485/24901 [00:36<03:07, 114.08it/s]
Processing:  14%|█▍        | 3520/24901 [00:36<03:21, 106.12it/s]
Processing:  15%|█▍        | 3693/24901 [00:38<03:54, 90.38it/s] 
Processing:  15%|█▌        | 3791/24901 [00:40<03:57, 88.71it/s]
Processing:  16%|█▋        | 4048/24901 [00:41<03:10, 109.35it/s]
Processing:  17%|█▋        | 4115/24901 [00:42<03:31, 98.32it/s] 
Processing:  17%|█▋        | 4207/24901 [00:46<05:23, 63.90it/s]
Processing:  17%|█▋        | 4223/24901 [00:47<06:52, 50.17it/s]
Processing:  19%|█▊        | 4617/24901 [00:47<02:27, 137.72it/s]
Processing:  19%|█▉        | 4718/24901 [00:48<02:27, 136.99it/s]
Processing:  19%|█▉        | 4762/24901 [00:49<02:34, 130.72it/s]
Processing:  20%|█▉        | 4907/24901 [00:49<01:49, 183.19it/s]
Processing:  20%|██        | 5067/24901 [00:50<02:17, 143.83it/s]
Processing:  21%|██        | 5105/24901 [00:53<04:36, 71.60it/s] 
Processing:  21%|██        | 5245/24901 [00:55<04:45, 68.85it/s]
Processing:  21%|██        | 5275/24901 [00:55<04:31, 72.42it/s]
Processing:  23%|██▎       | 5695/24901 [00:57<02:04, 153.80it/s]
Processing:  23%|██▎       | 5790/24901 [01:01<03:59, 79.64it/s] 
Processing:  23%|██▎       | 5808/24901 [01:02<05:15, 60.43it/s]
Processing:  26%|██▋       | 6562/24901 [01:05<02:03, 148.26it/s]
Processing:  26%|██▋       | 6590/24901 [01:06<02:25, 125.45it/s]
Processing:  28%|██▊       | 6852/24901 [01:08<02:28, 121.69it/s]
Processing:  29%|██▊       | 7105/24901 [01:08<01:48, 163.75it/s]
Processing:  29%|██▉       | 7210/24901 [01:10<02:24, 122.36it/s]
Processing:  29%|██▉       | 7232/24901 [01:11<02:30, 117.70it/s]
Processing:  29%|██▉       | 7260/24901 [01:11<02:32, 115.37it/s]
Processing:  30%|██▉       | 7368/24901 [01:17<06:50, 42.71it/s] 
Processing:  31%|███       | 7621/24901 [01:19<04:06, 70.20it/s]
Processing:  33%|███▎      | 8162/24901 [01:22<02:30, 111.12it/s]
Processing:  33%|███▎      | 8209/24901 [01:24<03:18, 83.92it/s] 
Processing:  35%|███▍      | 8679/24901 [01:24<01:40, 161.25it/s]
Processing:  36%|███▌      | 8875/24901 [01:29<02:44, 97.30it/s] 
Processing:  37%|███▋      | 9119/24901 [01:32<02:47, 94.37it/s]
Processing:  39%|███▊      | 9614/24901 [01:33<01:46, 143.59it/s]
Processing:  39%|███▉      | 9654/24901 [01:35<02:14, 113.06it/s]
Processing:  41%|████      | 10224/24901 [01:36<01:14, 196.47it/s]
Processing:  41%|████      | 10266/24901 [01:36<01:19, 183.53it/s]
Processing:  42%|████▏     | 10360/24901 [01:38<01:53, 127.95it/s]
Processing:  42%|████▏     | 10441/24901 [01:41<02:43, 88.68it/s] 
Processing:  43%|████▎     | 10684/24901 [01:45<03:17, 71.85it/s]
Processing:  45%|████▍     | 11190/24901 [01:48<02:11, 104.40it/s]
Processing:  46%|████▌     | 11471/24901 [01:53<02:35, 86.38it/s] 
Processing:  48%|████▊     | 12003/24901 [01:57<02:05, 102.84it/s]
Processing:  50%|████▉     | 12331/24901 [01:59<01:55, 108.65it/s]
Processing:  50%|████▉     | 12366/24901 [02:00<01:56, 107.91it/s]
Processing:  53%|█████▎    | 13169/24901 [02:07<01:44, 112.24it/s]
Processing:  54%|█████▍    | 13564/24901 [02:07<01:17, 146.97it/s]
Processing:  55%|█████▍    | 13610/24901 [02:09<01:28, 127.51it/s]
Processing:  55%|█████▍    | 13649/24901 [02:10<01:38, 113.70it/s]
Processing:  58%|█████▊    | 14388/24901 [02:16<01:34, 111.68it/s]
Processing:  60%|██████    | 14965/24901 [02:17<00:56, 175.73it/s]
Processing:  61%|██████    | 15107/24901 [02:19<01:11, 137.74it/s]
Processing:  62%|██████▏   | 15371/24901 [02:21<01:10, 135.85it/s]
Processing:  62%|██████▏   | 15416/24901 [02:23<01:24, 112.83it/s]
Processing:  64%|██████▎   | 15873/24901 [02:25<01:04, 140.94it/s]
Processing:  64%|██████▍   | 15907/24901 [02:26<01:15, 119.33it/s]
Processing:  65%|██████▍   | 16129/24901 [02:27<00:59, 147.46it/s]
Processing:  65%|██████▌   | 16235/24901 [02:28<01:00, 142.55it/s]
Processing:  66%|██████▋   | 16532/24901 [02:29<00:42, 194.84it/s]
Processing:  67%|██████▋   | 16632/24901 [02:31<01:01, 135.08it/s]
Processing:  67%|██████▋   | 16676/24901 [02:33<01:43, 79.78it/s] 
Processing:  68%|██████▊   | 16904/24901 [02:36<01:41, 78.51it/s]
Processing:  71%|███████   | 17677/24901 [02:41<00:58, 122.86it/s]
Processing:  73%|███████▎  | 18108/24901 [02:41<00:39, 172.57it/s]
Processing:  73%|███████▎  | 18164/24901 [02:42<00:39, 169.97it/s]
Processing:  73%|███████▎  | 18208/24901 [02:45<01:10, 94.49it/s] 
Processing:  76%|███████▌  | 18846/24901 [02:48<00:42, 143.99it/s]
Processing:  76%|███████▌  | 18907/24901 [02:51<00:57, 104.29it/s]
Processing:  77%|███████▋  | 19283/24901 [02:56<01:03, 88.84it/s] 
Processing:  80%|███████▉  | 19851/24901 [02:56<00:31, 159.52it/s]
Processing:  81%|████████  | 20131/24901 [02:57<00:27, 174.44it/s]
Processing:  81%|████████  | 20213/24901 [02:58<00:30, 154.61it/s]
Processing:  82%|████████▏ | 20311/24901 [02:59<00:27, 167.91it/s]
Processing:  83%|████████▎ | 20642/24901 [03:00<00:24, 170.51it/s]
Processing:  84%|████████▎ | 20827/24901 [03:04<00:38, 106.21it/s]
Processing:  85%|████████▍ | 21136/24901 [03:05<00:25, 150.40it/s]
Processing:  85%|████████▌ | 21234/24901 [03:05<00:22, 160.52it/s]
Processing:  85%|████████▌ | 21269/24901 [03:06<00:27, 130.02it/s]
Processing:  86%|████████▌ | 21432/24901 [03:07<00:21, 160.47it/s]
Processing:  87%|████████▋ | 21709/24901 [03:09<00:22, 144.31it/s]
Processing:  88%|████████▊ | 21813/24901 [03:10<00:21, 144.01it/s]
Processing:  89%|████████▉ | 22164/24901 [03:11<00:15, 176.76it/s]
Processing:  90%|████████▉ | 22345/24901 [03:16<00:28, 88.17it/s] 
Processing:  91%|█████████▏| 22747/24901 [03:17<00:16, 131.95it/s]
Processing:  92%|█████████▏| 22808/24901 [03:20<00:23, 89.91it/s] 
Processing:  93%|█████████▎| 23069/24901 [03:21<00:15, 118.09it/s]
Processing:  94%|█████████▎| 23337/24901 [03:23<00:12, 129.61it/s]
Processing:  95%|█████████▍| 23624/24901 [03:23<00:07, 182.00it/s]
Processing:  95%|█████████▌| 23731/24901 [03:24<00:07, 152.40it/s]
Processing:  96%|█████████▌| 23892/24901 [03:29<00:12, 83.87it/s] 
Processing: 100%|█████████▉| 24869/24901 [03:32<00:00, 161.56it/s]
Processing: 100%|█████████▉| 24893/24901 [03:33<00:00, 158.96it/s]
Processing: 100%|██████████| 24901/24901 [03:33<00:00, 116.83it/s]
[2025-10-17 12:18:13] dataset=bprna mode=LinCapR beam=200
Running: /work/gs58/s58007/LinCapR_Experiments/LinearCapR/LinCapR {fasta} /dev/null 200 --energy turner2004
[progress] 500/24901 (2.0%) completed
[progress] 1000/24901 (4.0%) completed
[progress] 1500/24901 (6.0%) completed
[progress] 2000/24901 (8.0%) completed
[progress] 2500/24901 (10.0%) completed
[progress] 3000/24901 (12.0%) completed
[progress] 3500/24901 (14.1%) completed
[progress] 4000/24901 (16.1%) completed
[progress] 4500/24901 (18.1%) completed
[progress] 5000/24901 (20.1%) completed
[progress] 5500/24901 (22.1%) completed
[progress] 6000/24901 (24.1%) completed
[progress] 6500/24901 (26.1%) completed
[progress] 7000/24901 (28.1%) completed
[progress] 7500/24901 (30.1%) completed
[progress] 8000/24901 (32.1%) completed
[progress] 8500/24901 (34.1%) completed
[progress] 9000/24901 (36.1%) completed
[progress] 9500/24901 (38.2%) completed
[progress] 10000/24901 (40.2%) completed
[progress] 10500/24901 (42.2%) completed
[progress] 11000/24901 (44.2%) completed
[progress] 11500/24901 (46.2%) completed
[progress] 12000/24901 (48.2%) completed
[progress] 12500/24901 (50.2%) completed
[progress] 13000/24901 (52.2%) completed
[progress] 13500/24901 (54.2%) completed
[progress] 14000/24901 (56.2%) completed
[progress] 14500/24901 (58.2%) completed
[progress] 15000/24901 (60.2%) completed
[progress] 15500/24901 (62.2%) completed
[progress] 16000/24901 (64.3%) completed
[progress] 16500/24901 (66.3%) completed
[progress] 17000/24901 (68.3%) completed
[progress] 17500/24901 (70.3%) completed
[progress] 18000/24901 (72.3%) completed
[progress] 18500/24901 (74.3%) completed
[progress] 19000/24901 (76.3%) completed
[progress] 19500/24901 (78.3%) completed
[progress] 20000/24901 (80.3%) completed
[progress] 20500/24901 (82.3%) completed
[progress] 21000/24901 (84.3%) completed
[progress] 21500/24901 (86.3%) completed
[progress] 22000/24901 (88.3%) completed
[progress] 22500/24901 (90.4%) completed
[progress] 23000/24901 (92.4%) completed
[progress] 23500/24901 (94.4%) completed
[progress] 24000/24901 (96.4%) completed
[progress] 24500/24901 (98.4%) completed
[progress] 24901/24901 (100.0%) completed
[2025-10-17 12:24:57] dataset=bprna mode=LinCapR beam=300
Running: /work/gs58/s58007/LinCapR_Experiments/LinearCapR/LinCapR {fasta} /dev/null 300 --energy turner2004
[progress] 500/24901 (2.0%) completed
[progress] 1000/24901 (4.0%) completed
[progress] 1500/24901 (6.0%) completed
[progress] 2000/24901 (8.0%) completed
[progress] 2500/24901 (10.0%) completed
[progress] 3000/24901 (12.0%) completed
[progress] 3500/24901 (14.1%) completed
[progress] 4000/24901 (16.1%) completed
[progress] 4500/24901 (18.1%) completed
[progress] 5000/24901 (20.1%) completed
[progress] 5500/24901 (22.1%) completed
[progress] 6000/24901 (24.1%) completed
[progress] 6500/24901 (26.1%) completed
[progress] 7000/24901 (28.1%) completed
[progress] 7500/24901 (30.1%) completed
[progress] 8000/24901 (32.1%) completed
[progress] 8500/24901 (34.1%) completed
[progress] 9000/24901 (36.1%) completed
[progress] 9500/24901 (38.2%) completed
[progress] 10000/24901 (40.2%) completed
[progress] 10500/24901 (42.2%) completed
[progress] 11000/24901 (44.2%) completed
[progress] 11500/24901 (46.2%) completed
[progress] 12000/24901 (48.2%) completed
[progress] 12500/24901 (50.2%) completed
[progress] 13000/24901 (52.2%) completed
[progress] 13500/24901 (54.2%) completed
[progress] 14000/24901 (56.2%) completed
[progress] 14500/24901 (58.2%) completed
[progress] 15000/24901 (60.2%) completed
[progress] 15500/24901 (62.2%) completed
[progress] 16000/24901 (64.3%) completed
[progress] 16500/24901 (66.3%) completed
[progress] 17000/24901 (68.3%) completed
[progress] 17500/24901 (70.3%) completed
[progress] 18000/24901 (72.3%) completed
[progress] 18500/24901 (74.3%) completed
[progress] 19000/24901 (76.3%) completed
[progress] 19500/24901 (78.3%) completed
[progress] 20000/24901 (80.3%) completed
[progress] 20500/24901 (82.3%) completed
[progress] 21000/24901 (84.3%) completed
[progress] 21500/24901 (86.3%) completed
[progress] 22000/24901 (88.3%) completed
[progress] 22500/24901 (90.4%) completed
[progress] 23000/24901 (92.4%) completed
[progress] 23500/24901 (94.4%) completed
[progress] 24000/24901 (96.4%) completed
[progress] 24500/24901 (98.4%) completed
[progress] 24901/24901 (100.0%) completed
[2025-10-17 12:36:14] dataset=bprna mode=LinCapR beam=400
Running: /work/gs58/s58007/LinCapR_Experiments/LinearCapR/LinCapR {fasta} /dev/null 400 --energy turner2004
[progress] 500/24901 (2.0%) completed
[progress] 1000/24901 (4.0%) completed
[progress] 1500/24901 (6.0%) completed
[progress] 2000/24901 (8.0%) completed
[progress] 2500/24901 (10.0%) completed
[progress] 3000/24901 (12.0%) completed
[progress] 3500/24901 (14.1%) completed
[progress] 4000/24901 (16.1%) completed
[progress] 4500/24901 (18.1%) completed
[progress] 5000/24901 (20.1%) completed
[progress] 5500/24901 (22.1%) completed
[progress] 6000/24901 (24.1%) completed
[progress] 6500/24901 (26.1%) completed
[progress] 7000/24901 (28.1%) completed
[progress] 7500/24901 (30.1%) completed
[progress] 8000/24901 (32.1%) completed
[progress] 8500/24901 (34.1%) completed
[progress] 9000/24901 (36.1%) completed
[progress] 9500/24901 (38.2%) completed
[progress] 10000/24901 (40.2%) completed
[progress] 10500/24901 (42.2%) completed
[progress] 11000/24901 (44.2%) completed
[progress] 11500/24901 (46.2%) completed
[progress] 12000/24901 (48.2%) completed
[progress] 12500/24901 (50.2%) completed
[progress] 13000/24901 (52.2%) completed
[progress] 13500/24901 (54.2%) completed
[progress] 14000/24901 (56.2%) completed
[progress] 14500/24901 (58.2%) completed
[progress] 15000/24901 (60.2%) completed
[progress] 15500/24901 (62.2%) completed
[progress] 16000/24901 (64.3%) completed
[progress] 16500/24901 (66.3%) completed
[progress] 17000/24901 (68.3%) completed
[progress] 17500/24901 (70.3%) completed
[progress] 18000/24901 (72.3%) completed
[progress] 18500/24901 (74.3%) completed
[progress] 19000/24901 (76.3%) completed
[progress] 19500/24901 (78.3%) completed
[progress] 20000/24901 (80.3%) completed
[progress] 20500/24901 (82.3%) completed
[progress] 21000/24901 (84.3%) completed
[progress] 21500/24901 (86.3%) completed
[progress] 22000/24901 (88.3%) completed
[progress] 22500/24901 (90.4%) completed
[progress] 23000/24901 (92.4%) completed
[progress] 23500/24901 (94.4%) completed
[progress] 24000/24901 (96.4%) completed
[progress] 24500/24901 (98.4%) completed
[progress] 24901/24901 (100.0%) completed
[2025-10-17 12:50:40] dataset=bprna mode=LinCapR beam=500
Running: /work/gs58/s58007/LinCapR_Experiments/LinearCapR/LinCapR {fasta} /dev/null 500 --energy turner2004
[progress] 500/24901 (2.0%) completed
[progress] 1000/24901 (4.0%) completed
[progress] 1500/24901 (6.0%) completed
[progress] 2000/24901 (8.0%) completed
[progress] 2500/24901 (10.0%) completed
[progress] 3000/24901 (12.0%) completed
[progress] 3500/24901 (14.1%) completed
[progress] 4000/24901 (16.1%) completed
[progress] 4500/24901 (18.1%) completed
[progress] 5000/24901 (20.1%) completed
[progress] 5500/24901 (22.1%) completed
[progress] 6000/24901 (24.1%) completed
[progress] 6500/24901 (26.1%) completed
[progress] 7000/24901 (28.1%) completed
[progress] 7500/24901 (30.1%) completed
[progress] 8000/24901 (32.1%) completed
[progress] 8500/24901 (34.1%) completed
[progress] 9000/24901 (36.1%) completed
[progress] 9500/24901 (38.2%) completed
[progress] 10000/24901 (40.2%) completed
[progress] 10500/24901 (42.2%) completed
[progress] 11000/24901 (44.2%) completed
[progress] 11500/24901 (46.2%) completed
[progress] 12000/24901 (48.2%) completed
[progress] 12500/24901 (50.2%) completed
[progress] 13000/24901 (52.2%) completed
[progress] 13500/24901 (54.2%) completed
[progress] 14000/24901 (56.2%) completed
[progress] 14500/24901 (58.2%) completed
[progress] 15000/24901 (60.2%) completed
[progress] 15500/24901 (62.2%) completed
[progress] 16000/24901 (64.3%) completed
[progress] 16500/24901 (66.3%) completed
[progress] 17000/24901 (68.3%) completed
[progress] 17500/24901 (70.3%) completed
[progress] 18000/24901 (72.3%) completed
[progress] 18500/24901 (74.3%) completed
[progress] 19000/24901 (76.3%) completed
[progress] 19500/24901 (78.3%) completed
[progress] 20000/24901 (80.3%) completed
[progress] 20500/24901 (82.3%) completed
[progress] 21000/24901 (84.3%) completed
[progress] 21500/24901 (86.3%) completed
[progress] 22000/24901 (88.3%) completed
[progress] 22500/24901 (90.4%) completed
[progress] 23000/24901 (92.4%) completed
[progress] 23500/24901 (94.4%) completed
[progress] 24000/24901 (96.4%) completed
[progress] 24500/24901 (98.4%) completed
[progress] 24901/24901 (100.0%) completed
